<?xml version="1.0" encoding="UTF-8"?>
<testsuites name="jest tests" tests="5" failures="0" time="7.924">
  <testsuite name="undefined" errors="0" failures="0" skipped="0" timestamp="2022-08-20T01:31:39" time="5.497" tests="5">
    <testcase classname=" initial UI is rendered as expected" name=" initial UI is rendered as expected" time="0.12">
    </testcase>
    <testcase classname=" button adds customer" name=" button adds customer" time="0.047">
    </testcase>
    <testcase classname=" button adds multiple customer" name=" button adds multiple customer" time="0.084">
    </testcase>
    <testcase classname=" after adding customer input has no value" name=" after adding customer input has no value" time="0.016">
    </testcase>
    <testcase classname=" no customer added on empty input" name=" no customer added on empty input" time="0.005">
    </testcase>
  </testsuite>
</testsuites>